<?xml version="1.0" encoding="UTF-8"?>
<!-- Generated by org.testng.reporters.JUnitReportReporter -->
<testsuite hostname="TRRONM00007" failures="0" tests="3" name="tako.tests.SubmitOrderTest" time="22.256" errors="0" timestamp="2023-08-15T15:27:29 CEST" skipped="0">
  <testcase classname="tako.tests.SubmitOrderTest" name="submitOrder" time="8.844"/>
  <testcase classname="tako.tests.SubmitOrderTest" name="validateOrderFromOrdersPage" time="5.151"/>
  <testcase classname="tako.tests.SubmitOrderTest" name="submitOrder" time="8.261"/>
</testsuite> <!-- tako.tests.SubmitOrderTest -->
