<?xml version="1.0" encoding="UTF-8"?>
<!-- Generated by org.testng.reporters.JUnitReportReporter -->
<testsuite hostname="TRRONM00007" failures="0" tests="2" name="tako.tests.NegativeValidationsTest" time="13.782" errors="0" timestamp="2023-08-15T15:27:29 CEST" skipped="0">
  <testcase classname="tako.tests.NegativeValidationsTest" name="validateProductNegative" time="7.976"/>
  <testcase classname="tako.tests.NegativeValidationsTest" name="validateLoginNegative" time="5.806"/>
</testsuite> <!-- tako.tests.NegativeValidationsTest -->
